<?xml version="1.0" encoding="UTF-8"?>
<!-- Generated by org.testng.reporters.JUnitReportReporter -->
<testsuite hostname="DESKTOP-RQOB46G" failures="0" tests="1" name="com.kuda.testCases.Login" time="4.187" errors="0" timestamp="2021-01-30T22:01:05 GMT" skipped="0">
  <testcase classname="com.kuda.testCases.Login" name="invalidLogin" time="4.187"/>
  <system-out/>
</testsuite> <!-- com.kuda.testCases.Login -->
