<?xml version="1.0" encoding="UTF-8"?>
<!-- Generated by org.testng.reporters.JUnitReportReporter -->
<testsuite hostname="DESKTOP-D068G7Q" failures="0" tests="1" name="com.kuda.testCases.Login" time="4.327" errors="0" timestamp="2021-01-30T23:34:18 WAT" skipped="0">
  <testcase classname="com.kuda.testCases.Login" name="invalidLogin" time="4.327"/>
  <system-out/>
</testsuite> <!-- com.kuda.testCases.Login -->
